{"total": {"lines":{"total":155,"covered":145,"skipped":0,"pct":93.54},"statements":{"total":179,"covered":169,"skipped":0,"pct":94.41},"functions":{"total":26,"covered":23,"skipped":0,"pct":88.46},"branches":{"total":35,"covered":28,"skipped":0,"pct":80},"branchesTrue":{"total":0,"covered":0,"skipped":0,"pct":100}}
,"/home/runner/work/crm-webapp/crm-webapp/backend/config/mailer.setup.ts": {"lines":{"total":19,"covered":19,"skipped":0,"pct":100},"functions":{"total":1,"covered":1,"skipped":0,"pct":100},"statements":{"total":21,"covered":21,"skipped":0,"pct":100},"branches":{"total":3,"covered":3,"skipped":0,"pct":100}}
,"/home/runner/work/crm-webapp/crm-webapp/backend/constants/index.ts": {"lines":{"total":12,"covered":12,"skipped":0,"pct":100},"functions":{"total":0,"covered":0,"skipped":0,"pct":100},"statements":{"total":12,"covered":12,"skipped":0,"pct":100},"branches":{"total":6,"covered":6,"skipped":0,"pct":100}}
,"/home/runner/work/crm-webapp/crm-webapp/backend/models/token.ts": {"lines":{"total":10,"covered":6,"skipped":0,"pct":60},"functions":{"total":1,"covered":0,"skipped":0,"pct":0},"statements":{"total":10,"covered":6,"skipped":0,"pct":60},"branches":{"total":3,"covered":0,"skipped":0,"pct":0}}
,"/home/runner/work/crm-webapp/crm-webapp/backend/utils/common.ts": {"lines":{"total":19,"covered":19,"skipped":0,"pct":100},"functions":{"total":2,"covered":2,"skipped":0,"pct":100},"statements":{"total":22,"covered":22,"skipped":0,"pct":100},"branches":{"total":0,"covered":0,"skipped":0,"pct":100}}
,"/home/runner/work/crm-webapp/crm-webapp/backend/utils/index.ts": {"lines":{"total":4,"covered":4,"skipped":0,"pct":100},"functions":{"total":0,"covered":0,"skipped":0,"pct":100},"statements":{"total":4,"covered":4,"skipped":0,"pct":100},"branches":{"total":0,"covered":0,"skipped":0,"pct":100}}
,"/home/runner/work/crm-webapp/crm-webapp/backend/utils/sendMail.ts": {"lines":{"total":15,"covered":14,"skipped":0,"pct":93.33},"functions":{"total":2,"covered":2,"skipped":0,"pct":100},"statements":{"total":16,"covered":15,"skipped":0,"pct":93.75},"branches":{"total":2,"covered":1,"skipped":0,"pct":50}}
,"/home/runner/work/crm-webapp/crm-webapp/backend/utils/token.ts": {"lines":{"total":70,"covered":67,"skipped":0,"pct":95.71},"functions":{"total":18,"covered":17,"skipped":0,"pct":94.44},"statements":{"total":86,"covered":83,"skipped":0,"pct":96.51},"branches":{"total":21,"covered":18,"skipped":0,"pct":85.71}}
,"/home/runner/work/crm-webapp/crm-webapp/backend/utils/validators.ts": {"lines":{"total":6,"covered":4,"skipped":0,"pct":66.66},"functions":{"total":2,"covered":1,"skipped":0,"pct":50},"statements":{"total":8,"covered":6,"skipped":0,"pct":75},"branches":{"total":0,"covered":0,"skipped":0,"pct":100}}
}
